Using pre-set license
Built from '2020.3/staging' branch; Version is '2020.3.3f1 (76626098c1c4) revision 7758432'; Using compiler version '192528614'; Build Type 'Release'
OS: 'Windows 10 Pro; OS build 19042.1165; Version 2009; 64bit' Language: 'en' Physical Memory: 16264 MB
BatchMode: 1, IsHumanControllingUs: 0, StartBugReporterOnCrash: 0, Is64bit: 1, IsPro: 0

 COMMAND LINE ARGUMENTS:
D:\Unity\2020.3.3f1\Editor\Unity.exe
-adb2
-batchMode
-noUpm
-name
AssetImportWorker0
-projectPath
D:/Side Projects/ThirdPersonGame2
-logFile
Logs/AssetImportWorker0.log
-srvPort
60050
Successfully changed project path to: D:/Side Projects/ThirdPersonGame2
D:/Side Projects/ThirdPersonGame2
Using Asset Import Pipeline V2.
Refreshing native plugins compatible for Editor in 90.23 ms, found 0 plugins.
Preloading 0 native plugins for Editor in 0.00 ms.
Initialize engine version: 2020.3.3f1 (76626098c1c4)
[Subsystems] Discovering subsystems at path D:/Unity/2020.3.3f1/Editor/Data/Resources/UnitySubsystems
[Subsystems] Discovering subsystems at path D:/Side Projects/ThirdPersonGame2/Assets
GfxDevice: creating device client; threaded=0
Direct3D:
    Version:  Direct3D 11.0 [level 11.1]
    Renderer: NVIDIA GeForce GTX 1060 3GB (ID=0x1c02)
    Vendor:   
    VRAM:     2988 MB
    Driver:   27.21.14.6192
Initialize mono
Mono path[0] = 'D:/Unity/2020.3.3f1/Editor/Data/Managed'
Mono path[1] = 'D:/Unity/2020.3.3f1/Editor/Data/MonoBleedingEdge/lib/mono/unityjit'
Mono config path = 'D:/Unity/2020.3.3f1/Editor/Data/MonoBleedingEdge/etc'
Using monoOptions --debugger-agent=transport=dt_socket,embedding=1,server=y,suspend=n,address=127.0.0.1:56932
Begin MonoManager ReloadAssembly
Registering precompiled unity dll's ...
Register platform support module: D:/Unity/2020.3.3f1/Editor/Data/PlaybackEngines/WebGLSupport/UnityEditor.WebGL.Extensions.dll
Register platform support module: D:/Unity/2020.3.3f1/Editor/Data/PlaybackEngines/WindowsStandaloneSupport/UnityEditor.WindowsStandalone.Extensions.dll
Registered in 0.001433 seconds.
Native extension for WindowsStandalone target not found
Native extension for WebGL target not found
Refreshing native plugins compatible for Editor in 86.65 ms, found 0 plugins.
Preloading 0 native plugins for Editor in 0.00 ms.
Invoked RoslynAnalysisRunner static constructor.
RoslynAnalysisRunner will not be running.
RoslynAnalysisRunner has terminated.
Mono: successfully reloaded assembly
- Completed reload, in  1.225 seconds
Platform modules already initialized, skipping
Registering precompiled user dll's ...
Registered in 0.001847 seconds.
Begin MonoManager ReloadAssembly
Native extension for WindowsStandalone target not found
Native extension for WebGL target not found
Refreshing native plugins compatible for Editor in 88.31 ms, found 0 plugins.
Preloading 0 native plugins for Editor in 0.00 ms.
Invoked RoslynAnalysisRunner static constructor.
RoslynAnalysisRunner will not be running.
RoslynAnalysisRunner has terminated.
Mono: successfully reloaded assembly
- Completed reload, in  1.716 seconds
Platform modules already initialized, skipping
========================================================================
Worker process is ready to serve import requests
Launched and connected shader compiler UnityShaderCompiler.exe after 0.06 seconds
Refreshing native plugins compatible for Editor in 0.77 ms, found 0 plugins.
Preloading 0 native plugins for Editor in 0.00 ms.
Unloading 2167 Unused Serialized files (Serialized files now loaded: 0)
System memory in use before: 125.3 MB.
System memory in use after: 125.4 MB.

Unloading 14 unused Assets to reduce memory usage. Loaded Objects now: 2631.
Total: 2.354900 ms (FindLiveObjects: 0.209300 ms CreateObjectMapping: 0.092400 ms MarkObjects: 1.941400 ms  DeleteObjects: 0.111000 ms)

========================================================================
Received Import Request.
  path: Assets/KriptoFX-(BloodStuff--/Realistic Effects Pack v4/Effects/Textures/BloodDecal.png
  artifactKey: Guid(ecf373375285b5d478dbad3e9f562fe2) Importer(815301076,1909f56bfc062723c751e8b465ee728b)
Start importing Assets/KriptoFX-(BloodStuff--/Realistic Effects Pack v4/Effects/Textures/BloodDecal.png using Guid(ecf373375285b5d478dbad3e9f562fe2) Importer(815301076,1909f56bfc062723c751e8b465ee728b)  -> (artifact id: 'e7b4a5dbcae0a8b38417fbbcb0670604') in 0.160198 seconds
  Import took 0.164209 seconds .

========================================================================
Received Import Request.
  Time since last request: 0.000218 seconds.
  path: Assets/KriptoFX-(BloodStuff--/VolumetricBloodFX/BloodResources/Blood2/Right/blood.exr
  artifactKey: Guid(b09397abb6863db44bbcf0c15116a8f6) Importer(815301076,1909f56bfc062723c751e8b465ee728b)
Start importing Assets/KriptoFX-(BloodStuff--/VolumetricBloodFX/BloodResources/Blood2/Right/blood.exr using Guid(b09397abb6863db44bbcf0c15116a8f6) Importer(815301076,1909f56bfc062723c751e8b465ee728b)  -> (artifact id: '89982e2807a4d8a79d1eddd7fd76f4f2') in 0.136838 seconds
  Import took 0.140570 seconds .

========================================================================
Received Import Request.
  Time since last request: 0.000204 seconds.
  path: Assets/KriptoFX-(BloodStuff--/VolumetricBloodFX/BloodResources/Blood2/Right/blood5_pos.exr
  artifactKey: Guid(b2e0786c278ec964db31bb0784371c90) Importer(815301076,1909f56bfc062723c751e8b465ee728b)
Start importing Assets/KriptoFX-(BloodStuff--/VolumetricBloodFX/BloodResources/Blood2/Right/blood5_pos.exr using Guid(b2e0786c278ec964db31bb0784371c90) Importer(815301076,1909f56bfc062723c751e8b465ee728b)  -> (artifact id: '9669c40973e4c6ecda25db838e571ec9') in 0.094906 seconds
  Import took 0.098675 seconds .

========================================================================
Received Import Request.
  Time since last request: 0.000233 seconds.
  path: Assets/KriptoFX-(BloodStuff--/Realistic Effects Pack v4/SceneResources/PC_DemoSources/Props/build_crane_02_n.png
  artifactKey: Guid(e4b5c60371e74ea44854dae7180ce541) Importer(815301076,1909f56bfc062723c751e8b465ee728b)
Start importing Assets/KriptoFX-(BloodStuff--/Realistic Effects Pack v4/SceneResources/PC_DemoSources/Props/build_crane_02_n.png using Guid(e4b5c60371e74ea44854dae7180ce541) Importer(815301076,1909f56bfc062723c751e8b465ee728b)  -> (artifact id: 'fa9520cf6e237aa47a119ae34d902187') in 0.072635 seconds
  Import took 0.076588 seconds .

========================================================================
Received Import Request.
  Time since last request: 0.000202 seconds.
  path: Assets/KriptoFX-(BloodStuff--/VolumetricBloodFX/BloodResources/blood8/blood_norm.exr
  artifactKey: Guid(cbc3a232e83ff934292cec135604e2b1) Importer(815301076,1909f56bfc062723c751e8b465ee728b)
Start importing Assets/KriptoFX-(BloodStuff--/VolumetricBloodFX/BloodResources/blood8/blood_norm.exr using Guid(cbc3a232e83ff934292cec135604e2b1) Importer(815301076,1909f56bfc062723c751e8b465ee728b)  -> (artifact id: '0eaae99dba1342afe210cc28bc273420') in 0.149603 seconds
  Import took 0.153537 seconds .

========================================================================
Received Import Request.
  Time since last request: 0.000240 seconds.
  path: Assets/KriptoFX-(BloodStuff--/Realistic Effects Pack v4/SceneResources/PC_DemoSources/Props/build_crane_02_o.png
  artifactKey: Guid(662834ad283feb9418f860e1a49cc42f) Importer(815301076,1909f56bfc062723c751e8b465ee728b)
Start importing Assets/KriptoFX-(BloodStuff--/Realistic Effects Pack v4/SceneResources/PC_DemoSources/Props/build_crane_02_o.png using Guid(662834ad283feb9418f860e1a49cc42f) Importer(815301076,1909f56bfc062723c751e8b465ee728b)  -> (artifact id: '1781b41ca185b38c179422f350f79dcb') in 0.051105 seconds
  Import took 0.055214 seconds .

========================================================================
Received Import Request.
  Time since last request: 0.000209 seconds.
  path: Assets/KriptoFX-(BloodStuff--/Realistic Effects Pack v4/SceneResources/PC_DemoSources/Props/build_crane_01_o.png
  artifactKey: Guid(a43726a4f8e294846b6c3540ef0afaea) Importer(815301076,1909f56bfc062723c751e8b465ee728b)
Start importing Assets/KriptoFX-(BloodStuff--/Realistic Effects Pack v4/SceneResources/PC_DemoSources/Props/build_crane_01_o.png using Guid(a43726a4f8e294846b6c3540ef0afaea) Importer(815301076,1909f56bfc062723c751e8b465ee728b)  -> (artifact id: '7542a8413e404e447fcbe71214964e86') in 0.055787 seconds
  Import took 0.060053 seconds .

========================================================================
Received Import Request.
  Time since last request: 0.000253 seconds.
  path: Assets/KriptoFX-(BloodStuff--/Realistic Effects Pack v4/SceneResources/PC_DemoSources/Props/build_crane_01_n.png
  artifactKey: Guid(f2113e17b6d30c34abd90bb76c57856d) Importer(815301076,1909f56bfc062723c751e8b465ee728b)
Start importing Assets/KriptoFX-(BloodStuff--/Realistic Effects Pack v4/SceneResources/PC_DemoSources/Props/build_crane_01_n.png using Guid(f2113e17b6d30c34abd90bb76c57856d) Importer(815301076,1909f56bfc062723c751e8b465ee728b)  -> (artifact id: '5895fb8710a35da043428f7c8adfe404') in 0.059614 seconds
  Import took 0.074233 seconds .

========================================================================
Received Import Request.
  Time since last request: 0.000224 seconds.
  path: Assets/KriptoFX-(BloodStuff--/Realistic Effects Pack v4/Effects/Textures/BloodParticle.png
  artifactKey: Guid(7ee43e805edf78e459868dc1b32e73b4) Importer(815301076,1909f56bfc062723c751e8b465ee728b)
Start importing Assets/KriptoFX-(BloodStuff--/Realistic Effects Pack v4/Effects/Textures/BloodParticle.png using Guid(7ee43e805edf78e459868dc1b32e73b4) Importer(815301076,1909f56bfc062723c751e8b465ee728b)  -> (artifact id: 'b87f0689d49300ac5a9771703d7e3b17') in 0.041667 seconds
  Import took 0.045747 seconds .

========================================================================
Received Import Request.
  Time since last request: 0.000218 seconds.
  path: Assets/KriptoFX-(BloodStuff--/Realistic Effects Pack v4/SceneResources/PC_DemoSources/Props/build_crane_02_sg.png
  artifactKey: Guid(f907313a6ca04504788f353cbf1a3f23) Importer(815301076,1909f56bfc062723c751e8b465ee728b)
Start importing Assets/KriptoFX-(BloodStuff--/Realistic Effects Pack v4/SceneResources/PC_DemoSources/Props/build_crane_02_sg.png using Guid(f907313a6ca04504788f353cbf1a3f23) Importer(815301076,1909f56bfc062723c751e8b465ee728b)  -> (artifact id: '519b181ef0b390404c3d325bef895180') in 0.042595 seconds
  Import took 0.046374 seconds .

========================================================================
Received Import Request.
  Time since last request: 0.000203 seconds.
  path: Assets/KriptoFX-(BloodStuff--/VolumetricBloodFX/BloodResources/blood7/blood_norm.exr
  artifactKey: Guid(3d44af4e151bd27438dcbb3b162273ea) Importer(815301076,1909f56bfc062723c751e8b465ee728b)
Start importing Assets/KriptoFX-(BloodStuff--/VolumetricBloodFX/BloodResources/blood7/blood_norm.exr using Guid(3d44af4e151bd27438dcbb3b162273ea) Importer(815301076,1909f56bfc062723c751e8b465ee728b)  -> (artifact id: '062b9720d0929e43f5427e077771dc96') in 0.136989 seconds
  Import took 0.140743 seconds .

========================================================================
Received Import Request.
  Time since last request: 0.000345 seconds.
  path: Assets/KriptoFX-(BloodStuff--/Realistic Effects Pack v4/SceneResources/PC_DemoSources/Props/build_crane_01_a.png
  artifactKey: Guid(bee850f0ffc5c53469a4874d0aceb3a1) Importer(815301076,1909f56bfc062723c751e8b465ee728b)
Start importing Assets/KriptoFX-(BloodStuff--/Realistic Effects Pack v4/SceneResources/PC_DemoSources/Props/build_crane_01_a.png using Guid(bee850f0ffc5c53469a4874d0aceb3a1) Importer(815301076,1909f56bfc062723c751e8b465ee728b)  -> (artifact id: '6c7e1855eede582f1d7e73b30732b380') in 0.047739 seconds
  Import took 0.065777 seconds .

========================================================================
Received Import Request.
  Time since last request: 2.033284 seconds.
  path: Assets/KriptoFX-(BloodStuff--/Realistic Effects Pack v4/Effects/Textures/GroundDecalEmission.tif
  artifactKey: Guid(99257bcd965d5ff48870bbce3581c797) Importer(815301076,1909f56bfc062723c751e8b465ee728b)
Start importing Assets/KriptoFX-(BloodStuff--/Realistic Effects Pack v4/Effects/Textures/GroundDecalEmission.tif using Guid(99257bcd965d5ff48870bbce3581c797) Importer(815301076,1909f56bfc062723c751e8b465ee728b)  -> (artifact id: '7f615fbdee1f9ae7db83670054048bf2') in 0.091158 seconds
  Import took 0.095550 seconds .

========================================================================
Received Import Request.
  Time since last request: 0.000294 seconds.
  path: Assets/KriptoFX-(BloodStuff--/Realistic Effects Pack v4/Effects/Textures/NoiseMaskCutout.png
  artifactKey: Guid(7f1cd443fabe3b34ab368f436b25ebf4) Importer(815301076,1909f56bfc062723c751e8b465ee728b)
Start importing Assets/KriptoFX-(BloodStuff--/Realistic Effects Pack v4/Effects/Textures/NoiseMaskCutout.png using Guid(7f1cd443fabe3b34ab368f436b25ebf4) Importer(815301076,1909f56bfc062723c751e8b465ee728b)  -> (artifact id: '33c09360fe640482c2b1a5d355cdb9c5') in 0.067018 seconds
  Import took 0.071506 seconds .

========================================================================
Received Import Request.
  Time since last request: 0.000275 seconds.
  path: Assets/KriptoFX-(BloodStuff--/Realistic Effects Pack v4/Effects/Textures/GroundDecalEmission.tif
  artifactKey: Guid(99257bcd965d5ff48870bbce3581c797) Importer(815301076,1909f56bfc062723c751e8b465ee728b)
Start importing Assets/KriptoFX-(BloodStuff--/Realistic Effects Pack v4/Effects/Textures/GroundDecalEmission.tif using Guid(99257bcd965d5ff48870bbce3581c797) Importer(815301076,1909f56bfc062723c751e8b465ee728b)  -> (artifact id: '7f615fbdee1f9ae7db83670054048bf2') in 0.013604 seconds
  Import took 0.017755 seconds .

========================================================================
Received Import Request.
  Time since last request: 0.000218 seconds.
  path: Assets/KriptoFX-(BloodStuff--/Realistic Effects Pack v4/Effects/Textures/NoiseMaskCutout.png
  artifactKey: Guid(7f1cd443fabe3b34ab368f436b25ebf4) Importer(815301076,1909f56bfc062723c751e8b465ee728b)
Start importing Assets/KriptoFX-(BloodStuff--/Realistic Effects Pack v4/Effects/Textures/NoiseMaskCutout.png using Guid(7f1cd443fabe3b34ab368f436b25ebf4) Importer(815301076,1909f56bfc062723c751e8b465ee728b)  -> (artifact id: '33c09360fe640482c2b1a5d355cdb9c5') in 0.015813 seconds
  Import took 0.020461 seconds .

========================================================================
Received Prepare
Registering precompiled user dll's ...
Registered in 0.001748 seconds.
Begin MonoManager ReloadAssembly
Native extension for WindowsStandalone target not found
Native extension for WebGL target not found
Refreshing native plugins compatible for Editor in 0.78 ms, found 0 plugins.
Preloading 0 native plugins for Editor in 0.00 ms.
Invoked RoslynAnalysisRunner static constructor.
RoslynAnalysisRunner will not be running.
RoslynAnalysisRunner has terminated.
Mono: successfully reloaded assembly
- Completed reload, in  1.086 seconds
Platform modules already initialized, skipping
Refreshing native plugins compatible for Editor in 0.85 ms, found 0 plugins.
Preloading 0 native plugins for Editor in 0.00 ms.
Unloading 2108 Unused Serialized files (Serialized files now loaded: 0)
System memory in use before: 123.1 MB.
System memory in use after: 123.2 MB.

Unloading 7 unused Assets to reduce memory usage. Loaded Objects now: 2643.
Total: 2.461100 ms (FindLiveObjects: 0.206600 ms CreateObjectMapping: 0.087700 ms MarkObjects: 2.093300 ms  DeleteObjects: 0.072100 ms)

========================================================================
Received Import Request.
  Time since last request: 6068.144736 seconds.
  path: Assets/StarterAssets/InputSystem/StarterAssets.inputactions
  artifactKey: Guid(4419d82f33d36e848b3ed5af4c8da37e) Importer(815301076,1909f56bfc062723c751e8b465ee728b)
Start importing Assets/StarterAssets/InputSystem/StarterAssets.inputactions using Guid(4419d82f33d36e848b3ed5af4c8da37e) Importer(815301076,1909f56bfc062723c751e8b465ee728b)  -> (artifact id: '32a2c31cfc9c31eb72184d314ea532f7') in 0.056510 seconds
  Import took 0.061909 seconds .

========================================================================
Received Prepare
Registering precompiled user dll's ...
Registered in 0.001493 seconds.
Begin MonoManager ReloadAssembly
Native extension for WindowsStandalone target not found
Native extension for WebGL target not found
Refreshing native plugins compatible for Editor in 2.09 ms, found 0 plugins.
Preloading 0 native plugins for Editor in 0.00 ms.
Invoked RoslynAnalysisRunner static constructor.
RoslynAnalysisRunner will not be running.
RoslynAnalysisRunner has terminated.
Mono: successfully reloaded assembly
- Completed reload, in  1.153 seconds
Platform modules already initialized, skipping
Refreshing native plugins compatible for Editor in 0.78 ms, found 0 plugins.
Preloading 0 native plugins for Editor in 0.00 ms.
Unloading 2108 Unused Serialized files (Serialized files now loaded: 0)
System memory in use before: 123.2 MB.
System memory in use after: 123.2 MB.

Unloading 7 unused Assets to reduce memory usage. Loaded Objects now: 2646.
Total: 2.852000 ms (FindLiveObjects: 0.258800 ms CreateObjectMapping: 0.117500 ms MarkObjects: 2.367900 ms  DeleteObjects: 0.106600 ms)

========================================================================
Received Prepare
Registering precompiled user dll's ...
Registered in 0.001565 seconds.
Begin MonoManager ReloadAssembly
Native extension for WindowsStandalone target not found
Native extension for WebGL target not found
Refreshing native plugins compatible for Editor in 0.91 ms, found 0 plugins.
Preloading 0 native plugins for Editor in 0.00 ms.
Invoked RoslynAnalysisRunner static constructor.
RoslynAnalysisRunner will not be running.
RoslynAnalysisRunner has terminated.
Mono: successfully reloaded assembly
- Completed reload, in  1.210 seconds
Platform modules already initialized, skipping
Refreshing native plugins compatible for Editor in 0.81 ms, found 0 plugins.
Preloading 0 native plugins for Editor in 0.00 ms.
Unloading 2108 Unused Serialized files (Serialized files now loaded: 0)
System memory in use before: 123.2 MB.
System memory in use after: 123.3 MB.

Unloading 7 unused Assets to reduce memory usage. Loaded Objects now: 2649.
Total: 2.657900 ms (FindLiveObjects: 0.301600 ms CreateObjectMapping: 0.115500 ms MarkObjects: 2.157400 ms  DeleteObjects: 0.081600 ms)

========================================================================
Received Prepare
Registering precompiled user dll's ...
Registered in 0.001610 seconds.
Begin MonoManager ReloadAssembly
Native extension for WindowsStandalone target not found
Native extension for WebGL target not found
Refreshing native plugins compatible for Editor in 0.85 ms, found 0 plugins.
Preloading 0 native plugins for Editor in 0.00 ms.
Invoked RoslynAnalysisRunner static constructor.
RoslynAnalysisRunner will not be running.
RoslynAnalysisRunner has terminated.
Mono: successfully reloaded assembly
- Completed reload, in  1.093 seconds
Platform modules already initialized, skipping
Refreshing native plugins compatible for Editor in 0.76 ms, found 0 plugins.
Preloading 0 native plugins for Editor in 0.00 ms.
Unloading 2108 Unused Serialized files (Serialized files now loaded: 0)
System memory in use before: 123.2 MB.
System memory in use after: 123.3 MB.

Unloading 7 unused Assets to reduce memory usage. Loaded Objects now: 2652.
Total: 2.569100 ms (FindLiveObjects: 0.290000 ms CreateObjectMapping: 0.111900 ms MarkObjects: 2.089500 ms  DeleteObjects: 0.076500 ms)

========================================================================
Received Prepare
Registering precompiled user dll's ...
Registered in 0.004376 seconds.
Begin MonoManager ReloadAssembly
Native extension for WindowsStandalone target not found
Native extension for WebGL target not found
Refreshing native plugins compatible for Editor in 0.75 ms, found 0 plugins.
Preloading 0 native plugins for Editor in 0.00 ms.
Invoked RoslynAnalysisRunner static constructor.
RoslynAnalysisRunner will not be running.
RoslynAnalysisRunner has terminated.
Mono: successfully reloaded assembly
- Completed reload, in  1.215 seconds
Platform modules already initialized, skipping
Refreshing native plugins compatible for Editor in 2.02 ms, found 0 plugins.
Preloading 0 native plugins for Editor in 0.00 ms.
Unloading 2108 Unused Serialized files (Serialized files now loaded: 0)
System memory in use before: 123.2 MB.
System memory in use after: 123.3 MB.

Unloading 7 unused Assets to reduce memory usage. Loaded Objects now: 2655.
Total: 2.449200 ms (FindLiveObjects: 0.320200 ms CreateObjectMapping: 0.091500 ms MarkObjects: 1.958300 ms  DeleteObjects: 0.078000 ms)

========================================================================
Received Prepare
Registering precompiled user dll's ...
Registered in 0.001362 seconds.
Begin MonoManager ReloadAssembly
Native extension for WindowsStandalone target not found
Native extension for WebGL target not found
Refreshing native plugins compatible for Editor in 0.87 ms, found 0 plugins.
Preloading 0 native plugins for Editor in 0.00 ms.
Invoked RoslynAnalysisRunner static constructor.
RoslynAnalysisRunner will not be running.
RoslynAnalysisRunner has terminated.
Mono: successfully reloaded assembly
- Completed reload, in  1.081 seconds
Platform modules already initialized, skipping
Refreshing native plugins compatible for Editor in 0.79 ms, found 0 plugins.
Preloading 0 native plugins for Editor in 0.00 ms.
Unloading 2108 Unused Serialized files (Serialized files now loaded: 0)
System memory in use before: 123.2 MB.
System memory in use after: 123.3 MB.

Unloading 7 unused Assets to reduce memory usage. Loaded Objects now: 2658.
Total: 3.357500 ms (FindLiveObjects: 0.235800 ms CreateObjectMapping: 0.110500 ms MarkObjects: 2.935600 ms  DeleteObjects: 0.073900 ms)

========================================================================
Received Prepare
Registering precompiled user dll's ...
Registered in 0.001510 seconds.
Begin MonoManager ReloadAssembly
Native extension for WindowsStandalone target not found
Native extension for WebGL target not found
Refreshing native plugins compatible for Editor in 0.88 ms, found 0 plugins.
Preloading 0 native plugins for Editor in 0.00 ms.
Invoked RoslynAnalysisRunner static constructor.
RoslynAnalysisRunner will not be running.
RoslynAnalysisRunner has terminated.
Mono: successfully reloaded assembly
- Completed reload, in  1.174 seconds
Platform modules already initialized, skipping
Refreshing native plugins compatible for Editor in 0.78 ms, found 0 plugins.
Preloading 0 native plugins for Editor in 0.00 ms.
Unloading 2108 Unused Serialized files (Serialized files now loaded: 0)
System memory in use before: 123.2 MB.
System memory in use after: 123.3 MB.

Unloading 7 unused Assets to reduce memory usage. Loaded Objects now: 2661.
Total: 2.588900 ms (FindLiveObjects: 0.234100 ms CreateObjectMapping: 0.117100 ms MarkObjects: 2.156100 ms  DeleteObjects: 0.080300 ms)

========================================================================
Received Prepare
Registering precompiled user dll's ...
Registered in 0.001644 seconds.
Begin MonoManager ReloadAssembly
Native extension for WindowsStandalone target not found
Native extension for WebGL target not found
Refreshing native plugins compatible for Editor in 0.72 ms, found 0 plugins.
Preloading 0 native plugins for Editor in 0.00 ms.
Invoked RoslynAnalysisRunner static constructor.
RoslynAnalysisRunner will not be running.
RoslynAnalysisRunner has terminated.
Mono: successfully reloaded assembly
- Completed reload, in  1.145 seconds
Platform modules already initialized, skipping
Refreshing native plugins compatible for Editor in 1.47 ms, found 0 plugins.
Preloading 0 native plugins for Editor in 0.00 ms.
Unloading 2108 Unused Serialized files (Serialized files now loaded: 0)
System memory in use before: 123.2 MB.
System memory in use after: 123.3 MB.

Unloading 7 unused Assets to reduce memory usage. Loaded Objects now: 2664.
Total: 2.536000 ms (FindLiveObjects: 0.219800 ms CreateObjectMapping: 0.099200 ms MarkObjects: 2.140500 ms  DeleteObjects: 0.075300 ms)

========================================================================
Received Prepare
Registering precompiled user dll's ...
Registered in 0.001449 seconds.
Begin MonoManager ReloadAssembly
Native extension for WindowsStandalone target not found
Native extension for WebGL target not found
Refreshing native plugins compatible for Editor in 0.75 ms, found 0 plugins.
Preloading 0 native plugins for Editor in 0.00 ms.
Invoked RoslynAnalysisRunner static constructor.
RoslynAnalysisRunner will not be running.
RoslynAnalysisRunner has terminated.
Mono: successfully reloaded assembly
- Completed reload, in  1.107 seconds
Platform modules already initialized, skipping
Refreshing native plugins compatible for Editor in 0.82 ms, found 0 plugins.
Preloading 0 native plugins for Editor in 0.00 ms.
Unloading 2108 Unused Serialized files (Serialized files now loaded: 0)
System memory in use before: 123.2 MB.
System memory in use after: 123.3 MB.

Unloading 7 unused Assets to reduce memory usage. Loaded Objects now: 2667.
Total: 2.616800 ms (FindLiveObjects: 0.246800 ms CreateObjectMapping: 0.115500 ms MarkObjects: 2.175000 ms  DeleteObjects: 0.078000 ms)

========================================================================
Received Prepare
Registering precompiled user dll's ...
Registered in 0.001471 seconds.
Begin MonoManager ReloadAssembly
Native extension for WindowsStandalone target not found
Native extension for WebGL target not found
Refreshing native plugins compatible for Editor in 0.84 ms, found 0 plugins.
Preloading 0 native plugins for Editor in 0.00 ms.
Invoked RoslynAnalysisRunner static constructor.
RoslynAnalysisRunner will not be running.
RoslynAnalysisRunner has terminated.
Mono: successfully reloaded assembly
- Completed reload, in  1.214 seconds
Platform modules already initialized, skipping
Refreshing native plugins compatible for Editor in 0.75 ms, found 0 plugins.
Preloading 0 native plugins for Editor in 0.00 ms.
Unloading 2108 Unused Serialized files (Serialized files now loaded: 0)
System memory in use before: 123.3 MB.
System memory in use after: 123.3 MB.

Unloading 7 unused Assets to reduce memory usage. Loaded Objects now: 2670.
Total: 2.606600 ms (FindLiveObjects: 0.249200 ms CreateObjectMapping: 0.108800 ms MarkObjects: 2.164800 ms  DeleteObjects: 0.082400 ms)

========================================================================
Received Prepare
Registering precompiled user dll's ...
Registered in 0.001803 seconds.
Begin MonoManager ReloadAssembly
Native extension for WindowsStandalone target not found
Native extension for WebGL target not found
Refreshing native plugins compatible for Editor in 0.78 ms, found 0 plugins.
Preloading 0 native plugins for Editor in 0.00 ms.
Invoked RoslynAnalysisRunner static constructor.
RoslynAnalysisRunner will not be running.
RoslynAnalysisRunner has terminated.
Mono: successfully reloaded assembly
- Completed reload, in  1.589 seconds
Platform modules already initialized, skipping
Refreshing native plugins compatible for Editor in 1.34 ms, found 0 plugins.
Preloading 0 native plugins for Editor in 0.00 ms.
Unloading 2108 Unused Serialized files (Serialized files now loaded: 0)
System memory in use before: 123.3 MB.
System memory in use after: 123.4 MB.

Unloading 7 unused Assets to reduce memory usage. Loaded Objects now: 2673.
Total: 3.863100 ms (FindLiveObjects: 0.497300 ms CreateObjectMapping: 0.153300 ms MarkObjects: 3.102000 ms  DeleteObjects: 0.108500 ms)

========================================================================
Received Prepare
Registering precompiled user dll's ...
Registered in 0.002042 seconds.
Begin MonoManager ReloadAssembly
Native extension for WindowsStandalone target not found
Native extension for WebGL target not found
Refreshing native plugins compatible for Editor in 0.82 ms, found 0 plugins.
Preloading 0 native plugins for Editor in 0.00 ms.
Invoked RoslynAnalysisRunner static constructor.
RoslynAnalysisRunner will not be running.
RoslynAnalysisRunner has terminated.
Mono: successfully reloaded assembly
- Completed reload, in  1.126 seconds
Platform modules already initialized, skipping
Refreshing native plugins compatible for Editor in 0.76 ms, found 0 plugins.
Preloading 0 native plugins for Editor in 0.00 ms.
Unloading 2108 Unused Serialized files (Serialized files now loaded: 0)
System memory in use before: 123.3 MB.
System memory in use after: 123.4 MB.

Unloading 7 unused Assets to reduce memory usage. Loaded Objects now: 2676.
Total: 2.685000 ms (FindLiveObjects: 0.233400 ms CreateObjectMapping: 0.099200 ms MarkObjects: 2.267500 ms  DeleteObjects: 0.083300 ms)

========================================================================
Received Prepare
Registering precompiled user dll's ...
Registered in 0.001585 seconds.
Begin MonoManager ReloadAssembly
Native extension for WindowsStandalone target not found
Native extension for WebGL target not found
Refreshing native plugins compatible for Editor in 0.84 ms, found 0 plugins.
Preloading 0 native plugins for Editor in 0.00 ms.
Invoked RoslynAnalysisRunner static constructor.
RoslynAnalysisRunner will not be running.
RoslynAnalysisRunner has terminated.
Mono: successfully reloaded assembly
- Completed reload, in  1.638 seconds
Platform modules already initialized, skipping
Refreshing native plugins compatible for Editor in 1.15 ms, found 0 plugins.
Preloading 0 native plugins for Editor in 0.00 ms.
Unloading 2108 Unused Serialized files (Serialized files now loaded: 0)
System memory in use before: 123.3 MB.
System memory in use after: 123.4 MB.

Unloading 7 unused Assets to reduce memory usage. Loaded Objects now: 2679.
Total: 4.276500 ms (FindLiveObjects: 0.314300 ms CreateObjectMapping: 0.135400 ms MarkObjects: 3.533500 ms  DeleteObjects: 0.291800 ms)

========================================================================
Received Prepare
Registering precompiled user dll's ...
Registered in 0.001760 seconds.
Begin MonoManager ReloadAssembly
Native extension for WindowsStandalone target not found
Native extension for WebGL target not found
Refreshing native plugins compatible for Editor in 0.80 ms, found 0 plugins.
Preloading 0 native plugins for Editor in 0.00 ms.
Invoked RoslynAnalysisRunner static constructor.
RoslynAnalysisRunner will not be running.
RoslynAnalysisRunner has terminated.
Mono: successfully reloaded assembly
- Completed reload, in  1.547 seconds
Platform modules already initialized, skipping
Refreshing native plugins compatible for Editor in 1.09 ms, found 0 plugins.
Preloading 0 native plugins for Editor in 0.00 ms.
Unloading 2108 Unused Serialized files (Serialized files now loaded: 0)
System memory in use before: 123.3 MB.
System memory in use after: 123.4 MB.

Unloading 7 unused Assets to reduce memory usage. Loaded Objects now: 2682.
Total: 3.816600 ms (FindLiveObjects: 0.231400 ms CreateObjectMapping: 0.108300 ms MarkObjects: 3.392900 ms  DeleteObjects: 0.082600 ms)

========================================================================
Received Prepare
Registering precompiled user dll's ...
Registered in 0.002049 seconds.
Begin MonoManager ReloadAssembly
Native extension for WindowsStandalone target not found
Native extension for WebGL target not found
Refreshing native plugins compatible for Editor in 0.86 ms, found 0 plugins.
Preloading 0 native plugins for Editor in 0.00 ms.
Invoked RoslynAnalysisRunner static constructor.
RoslynAnalysisRunner will not be running.
RoslynAnalysisRunner has terminated.
Mono: successfully reloaded assembly
- Completed reload, in  1.791 seconds
Platform modules already initialized, skipping
Refreshing native plugins compatible for Editor in 1.01 ms, found 0 plugins.
Preloading 0 native plugins for Editor in 0.00 ms.
Unloading 2108 Unused Serialized files (Serialized files now loaded: 0)
System memory in use before: 123.3 MB.
System memory in use after: 123.4 MB.

Unloading 7 unused Assets to reduce memory usage. Loaded Objects now: 2685.
Total: 3.192200 ms (FindLiveObjects: 0.341600 ms CreateObjectMapping: 0.195100 ms MarkObjects: 2.555200 ms  DeleteObjects: 0.098800 ms)

========================================================================
Received Prepare
Registering precompiled user dll's ...
Registered in 0.002007 seconds.
Begin MonoManager ReloadAssembly
Native extension for WindowsStandalone target not found
Native extension for WebGL target not found
Refreshing native plugins compatible for Editor in 1.12 ms, found 0 plugins.
Preloading 0 native plugins for Editor in 0.00 ms.
Invoked RoslynAnalysisRunner static constructor.
RoslynAnalysisRunner will not be running.
RoslynAnalysisRunner has terminated.
Mono: successfully reloaded assembly
- Completed reload, in  1.183 seconds
Platform modules already initialized, skipping
Refreshing native plugins compatible for Editor in 0.79 ms, found 0 plugins.
Preloading 0 native plugins for Editor in 0.00 ms.
Unloading 2108 Unused Serialized files (Serialized files now loaded: 0)
System memory in use before: 123.3 MB.
System memory in use after: 123.4 MB.

Unloading 7 unused Assets to reduce memory usage. Loaded Objects now: 2688.
Total: 3.430400 ms (FindLiveObjects: 0.381700 ms CreateObjectMapping: 0.104400 ms MarkObjects: 2.863200 ms  DeleteObjects: 0.079500 ms)

========================================================================
Received Prepare
Registering precompiled user dll's ...
Registered in 0.001583 seconds.
Begin MonoManager ReloadAssembly
Native extension for WindowsStandalone target not found
Native extension for WebGL target not found
Refreshing native plugins compatible for Editor in 0.75 ms, found 0 plugins.
Preloading 0 native plugins for Editor in 0.00 ms.
Invoked RoslynAnalysisRunner static constructor.
RoslynAnalysisRunner will not be running.
RoslynAnalysisRunner has terminated.
Mono: successfully reloaded assembly
- Completed reload, in  1.159 seconds
Platform modules already initialized, skipping
Refreshing native plugins compatible for Editor in 0.96 ms, found 0 plugins.
Preloading 0 native plugins for Editor in 0.00 ms.
Unloading 2108 Unused Serialized files (Serialized files now loaded: 0)
System memory in use before: 123.3 MB.
System memory in use after: 123.4 MB.

Unloading 7 unused Assets to reduce memory usage. Loaded Objects now: 2691.
Total: 2.407900 ms (FindLiveObjects: 0.231700 ms CreateObjectMapping: 0.098300 ms MarkObjects: 2.004100 ms  DeleteObjects: 0.072600 ms)

========================================================================
Received Prepare
Registering precompiled user dll's ...
Registered in 0.001951 seconds.
Begin MonoManager ReloadAssembly
Native extension for WindowsStandalone target not found
Native extension for WebGL target not found
Refreshing native plugins compatible for Editor in 0.76 ms, found 0 plugins.
Preloading 0 native plugins for Editor in 0.00 ms.
Invoked RoslynAnalysisRunner static constructor.
RoslynAnalysisRunner will not be running.
RoslynAnalysisRunner has terminated.
Mono: successfully reloaded assembly
- Completed reload, in  1.238 seconds
Platform modules already initialized, skipping
Refreshing native plugins compatible for Editor in 0.81 ms, found 0 plugins.
Preloading 0 native plugins for Editor in 0.00 ms.
Unloading 2108 Unused Serialized files (Serialized files now loaded: 0)
System memory in use before: 123.3 MB.
System memory in use after: 123.4 MB.

Unloading 7 unused Assets to reduce memory usage. Loaded Objects now: 2694.
Total: 4.784400 ms (FindLiveObjects: 0.400100 ms CreateObjectMapping: 0.175300 ms MarkObjects: 4.124000 ms  DeleteObjects: 0.083900 ms)

========================================================================
Received Prepare
Registering precompiled user dll's ...
Registered in 0.001511 seconds.
Begin MonoManager ReloadAssembly
Native extension for WindowsStandalone target not found
Native extension for WebGL target not found
Refreshing native plugins compatible for Editor in 0.79 ms, found 0 plugins.
Preloading 0 native plugins for Editor in 0.00 ms.
Invoked RoslynAnalysisRunner static constructor.
RoslynAnalysisRunner will not be running.
RoslynAnalysisRunner has terminated.
Mono: successfully reloaded assembly
- Completed reload, in  1.171 seconds
Platform modules already initialized, skipping
Refreshing native plugins compatible for Editor in 0.79 ms, found 0 plugins.
Preloading 0 native plugins for Editor in 0.00 ms.
Unloading 2108 Unused Serialized files (Serialized files now loaded: 0)
System memory in use before: 123.3 MB.
System memory in use after: 123.4 MB.

Unloading 7 unused Assets to reduce memory usage. Loaded Objects now: 2697.
Total: 3.586100 ms (FindLiveObjects: 0.284200 ms CreateObjectMapping: 0.108700 ms MarkObjects: 3.111100 ms  DeleteObjects: 0.080500 ms)

========================================================================
Received Prepare
Registering precompiled user dll's ...
Registered in 0.001505 seconds.
Begin MonoManager ReloadAssembly
Native extension for WindowsStandalone target not found
Native extension for WebGL target not found
Refreshing native plugins compatible for Editor in 0.83 ms, found 0 plugins.
Preloading 0 native plugins for Editor in 0.00 ms.
Invoked RoslynAnalysisRunner static constructor.
RoslynAnalysisRunner will not be running.
RoslynAnalysisRunner has terminated.
Mono: successfully reloaded assembly
- Completed reload, in  1.118 seconds
Platform modules already initialized, skipping
Refreshing native plugins compatible for Editor in 0.82 ms, found 0 plugins.
Preloading 0 native plugins for Editor in 0.00 ms.
Unloading 2108 Unused Serialized files (Serialized files now loaded: 0)
System memory in use before: 123.4 MB.
System memory in use after: 123.4 MB.

Unloading 7 unused Assets to reduce memory usage. Loaded Objects now: 2700.
Total: 2.983000 ms (FindLiveObjects: 0.360500 ms CreateObjectMapping: 0.209400 ms MarkObjects: 2.332900 ms  DeleteObjects: 0.078600 ms)

========================================================================
Received Prepare
Registering precompiled user dll's ...
Registered in 0.002813 seconds.
Begin MonoManager ReloadAssembly
Native extension for WindowsStandalone target not found
Native extension for WebGL target not found
Refreshing native plugins compatible for Editor in 0.81 ms, found 0 plugins.
Preloading 0 native plugins for Editor in 0.00 ms.
Invoked RoslynAnalysisRunner static constructor.
RoslynAnalysisRunner will not be running.
RoslynAnalysisRunner has terminated.
Mono: successfully reloaded assembly
- Completed reload, in  1.178 seconds
Platform modules already initialized, skipping
Refreshing native plugins compatible for Editor in 0.78 ms, found 0 plugins.
Preloading 0 native plugins for Editor in 0.00 ms.
Unloading 2108 Unused Serialized files (Serialized files now loaded: 0)
System memory in use before: 123.4 MB.
System memory in use after: 123.5 MB.

Unloading 7 unused Assets to reduce memory usage. Loaded Objects now: 2703.
Total: 3.389400 ms (FindLiveObjects: 0.251000 ms CreateObjectMapping: 0.130400 ms MarkObjects: 2.922000 ms  DeleteObjects: 0.084300 ms)

========================================================================
Received Prepare
Registering precompiled user dll's ...
Registered in 0.001564 seconds.
Begin MonoManager ReloadAssembly
Native extension for WindowsStandalone target not found
Native extension for WebGL target not found
Refreshing native plugins compatible for Editor in 0.87 ms, found 0 plugins.
Preloading 0 native plugins for Editor in 0.00 ms.
Invoked RoslynAnalysisRunner static constructor.
RoslynAnalysisRunner will not be running.
RoslynAnalysisRunner has terminated.
Mono: successfully reloaded assembly
- Completed reload, in  1.149 seconds
Platform modules already initialized, skipping
Refreshing native plugins compatible for Editor in 0.81 ms, found 0 plugins.
Preloading 0 native plugins for Editor in 0.00 ms.
Unloading 2108 Unused Serialized files (Serialized files now loaded: 0)
System memory in use before: 123.4 MB.
System memory in use after: 123.5 MB.

Unloading 7 unused Assets to reduce memory usage. Loaded Objects now: 2706.
Total: 3.146900 ms (FindLiveObjects: 0.312400 ms CreateObjectMapping: 0.102400 ms MarkObjects: 2.635400 ms  DeleteObjects: 0.094700 ms)

========================================================================
Received Prepare
Registering precompiled user dll's ...
Registered in 0.001521 seconds.
Begin MonoManager ReloadAssembly
Native extension for WindowsStandalone target not found
Native extension for WebGL target not found
Refreshing native plugins compatible for Editor in 0.74 ms, found 0 plugins.
Preloading 0 native plugins for Editor in 0.00 ms.
Invoked RoslynAnalysisRunner static constructor.
RoslynAnalysisRunner will not be running.
RoslynAnalysisRunner has terminated.
Mono: successfully reloaded assembly
- Completed reload, in  1.133 seconds
Platform modules already initialized, skipping
Refreshing native plugins compatible for Editor in 0.83 ms, found 0 plugins.
Preloading 0 native plugins for Editor in 0.00 ms.
Unloading 2108 Unused Serialized files (Serialized files now loaded: 0)
System memory in use before: 123.4 MB.
System memory in use after: 123.5 MB.

Unloading 7 unused Assets to reduce memory usage. Loaded Objects now: 2709.
Total: 2.839600 ms (FindLiveObjects: 0.222800 ms CreateObjectMapping: 0.091900 ms MarkObjects: 2.442600 ms  DeleteObjects: 0.080500 ms)

========================================================================
Received Prepare
Registering precompiled user dll's ...
Registered in 0.001481 seconds.
Begin MonoManager ReloadAssembly
Native extension for WindowsStandalone target not found
Native extension for WebGL target not found
Refreshing native plugins compatible for Editor in 0.76 ms, found 0 plugins.
Preloading 0 native plugins for Editor in 0.00 ms.
Invoked RoslynAnalysisRunner static constructor.
RoslynAnalysisRunner will not be running.
RoslynAnalysisRunner has terminated.
Mono: successfully reloaded assembly
- Completed reload, in  1.084 seconds
Platform modules already initialized, skipping
Refreshing native plugins compatible for Editor in 0.79 ms, found 0 plugins.
Preloading 0 native plugins for Editor in 0.00 ms.
Unloading 2108 Unused Serialized files (Serialized files now loaded: 0)
System memory in use before: 123.4 MB.
System memory in use after: 123.5 MB.

Unloading 7 unused Assets to reduce memory usage. Loaded Objects now: 2712.
Total: 2.571100 ms (FindLiveObjects: 0.240700 ms CreateObjectMapping: 0.107700 ms MarkObjects: 2.144400 ms  DeleteObjects: 0.076600 ms)

========================================================================
Received Prepare
Registering precompiled user dll's ...
Registered in 0.001399 seconds.
Begin MonoManager ReloadAssembly
Native extension for WindowsStandalone target not found
Native extension for WebGL target not found
Refreshing native plugins compatible for Editor in 0.76 ms, found 0 plugins.
Preloading 0 native plugins for Editor in 0.00 ms.
Invoked RoslynAnalysisRunner static constructor.
RoslynAnalysisRunner will not be running.
RoslynAnalysisRunner has terminated.
Mono: successfully reloaded assembly
- Completed reload, in  1.092 seconds
Platform modules already initialized, skipping
Refreshing native plugins compatible for Editor in 0.84 ms, found 0 plugins.
Preloading 0 native plugins for Editor in 0.00 ms.
Unloading 2108 Unused Serialized files (Serialized files now loaded: 0)
System memory in use before: 123.4 MB.
System memory in use after: 123.5 MB.

Unloading 7 unused Assets to reduce memory usage. Loaded Objects now: 2715.
Total: 2.653500 ms (FindLiveObjects: 0.253500 ms CreateObjectMapping: 0.127900 ms MarkObjects: 2.194300 ms  DeleteObjects: 0.076400 ms)

========================================================================
Received Prepare
Registering precompiled user dll's ...
Registered in 0.001523 seconds.
Begin MonoManager ReloadAssembly
Native extension for WindowsStandalone target not found
Native extension for WebGL target not found
Refreshing native plugins compatible for Editor in 0.77 ms, found 0 plugins.
Preloading 0 native plugins for Editor in 0.00 ms.
Invoked RoslynAnalysisRunner static constructor.
RoslynAnalysisRunner will not be running.
RoslynAnalysisRunner has terminated.
Mono: successfully reloaded assembly
- Completed reload, in  1.151 seconds
Platform modules already initialized, skipping
Refreshing native plugins compatible for Editor in 0.92 ms, found 0 plugins.
Preloading 0 native plugins for Editor in 0.00 ms.
Unloading 2108 Unused Serialized files (Serialized files now loaded: 0)
System memory in use before: 123.4 MB.
System memory in use after: 123.5 MB.

Unloading 7 unused Assets to reduce memory usage. Loaded Objects now: 2718.
Total: 2.707000 ms (FindLiveObjects: 0.236700 ms CreateObjectMapping: 0.116900 ms MarkObjects: 2.265900 ms  DeleteObjects: 0.085900 ms)

========================================================================
Received Import Request.
  Time since last request: 6231.838381 seconds.
  path: Assets/Prefabs/ThePlayer.prefab
  artifactKey: Guid(27f8ab5537656a6468ef437629dfe64d) Importer(815301076,1909f56bfc062723c751e8b465ee728b)
Start importing Assets/Prefabs/ThePlayer.prefab using Guid(27f8ab5537656a6468ef437629dfe64d) Importer(815301076,1909f56bfc062723c751e8b465ee728b)  -> (artifact id: '00da7add9a062a9ffc56612eb2bc51d1') in 0.365127 seconds
  Import took 0.372852 seconds .

========================================================================
Received Prepare
Registering precompiled user dll's ...
Registered in 0.001479 seconds.
Begin MonoManager ReloadAssembly
Native extension for WindowsStandalone target not found
Native extension for WebGL target not found
Refreshing native plugins compatible for Editor in 0.81 ms, found 0 plugins.
Preloading 0 native plugins for Editor in 0.00 ms.
Invoked RoslynAnalysisRunner static constructor.
RoslynAnalysisRunner will not be running.
RoslynAnalysisRunner has terminated.
Mono: successfully reloaded assembly
- Completed reload, in  1.106 seconds
Platform modules already initialized, skipping
Refreshing native plugins compatible for Editor in 0.77 ms, found 0 plugins.
Preloading 0 native plugins for Editor in 0.00 ms.
Unloading 2108 Unused Serialized files (Serialized files now loaded: 0)
System memory in use before: 137.4 MB.
System memory in use after: 137.6 MB.

Unloading 8 unused Assets to reduce memory usage. Loaded Objects now: 2731.
Total: 3.365100 ms (FindLiveObjects: 0.257800 ms CreateObjectMapping: 0.121500 ms MarkObjects: 2.900800 ms  DeleteObjects: 0.083300 ms)

========================================================================
Received Import Request.
  Time since last request: 11.602406 seconds.
  path: Assets/Prefabs/Bullet.prefab
  artifactKey: Guid(be4e63acec0d56b4090b257ff9a340bd) Importer(815301076,1909f56bfc062723c751e8b465ee728b)
Start importing Assets/Prefabs/Bullet.prefab using Guid(be4e63acec0d56b4090b257ff9a340bd) Importer(815301076,1909f56bfc062723c751e8b465ee728b)  -> (artifact id: '18c65435d2f8e791f9fbb6f6fc8f890b') in 0.086709 seconds
  Import took 0.091597 seconds .

========================================================================
Received Prepare
Registering precompiled user dll's ...
Registered in 0.001503 seconds.
Begin MonoManager ReloadAssembly
Native extension for WindowsStandalone target not found
Native extension for WebGL target not found
Refreshing native plugins compatible for Editor in 0.96 ms, found 0 plugins.
Preloading 0 native plugins for Editor in 0.00 ms.
Invoked RoslynAnalysisRunner static constructor.
RoslynAnalysisRunner will not be running.
RoslynAnalysisRunner has terminated.
Mono: successfully reloaded assembly
- Completed reload, in  1.416 seconds
Platform modules already initialized, skipping
Refreshing native plugins compatible for Editor in 0.78 ms, found 0 plugins.
Preloading 0 native plugins for Editor in 0.00 ms.
Unloading 2108 Unused Serialized files (Serialized files now loaded: 0)
System memory in use before: 137.4 MB.
System memory in use after: 137.6 MB.

Unloading 7 unused Assets to reduce memory usage. Loaded Objects now: 2735.
Total: 2.678300 ms (FindLiveObjects: 0.413500 ms CreateObjectMapping: 0.162800 ms MarkObjects: 2.024400 ms  DeleteObjects: 0.076800 ms)

========================================================================
Received Import Request.
  Time since last request: 15.954935 seconds.
  path: Assets/Prefabs/Bullet.prefab
  artifactKey: Guid(be4e63acec0d56b4090b257ff9a340bd) Importer(815301076,1909f56bfc062723c751e8b465ee728b)
Start importing Assets/Prefabs/Bullet.prefab using Guid(be4e63acec0d56b4090b257ff9a340bd) Importer(815301076,1909f56bfc062723c751e8b465ee728b)  -> (artifact id: '09ffb19be9b4656b5ee460271536b309') in 0.090677 seconds
  Import took 0.095877 seconds .

========================================================================
Received Import Request.
  Time since last request: 114.016429 seconds.
  path: Assets/Prefabs/Bullet.prefab
  artifactKey: Guid(be4e63acec0d56b4090b257ff9a340bd) Importer(815301076,1909f56bfc062723c751e8b465ee728b)
Start importing Assets/Prefabs/Bullet.prefab using Guid(be4e63acec0d56b4090b257ff9a340bd) Importer(815301076,1909f56bfc062723c751e8b465ee728b)  -> (artifact id: 'b7c7d249300127f66bb377a046bbfd91') in 0.145141 seconds
  Import took 0.150357 seconds .

========================================================================
Received Prepare
Registering precompiled user dll's ...
Registered in 0.001513 seconds.
Begin MonoManager ReloadAssembly
Native extension for WindowsStandalone target not found
Native extension for WebGL target not found
Refreshing native plugins compatible for Editor in 0.85 ms, found 0 plugins.
Preloading 0 native plugins for Editor in 0.00 ms.
Invoked RoslynAnalysisRunner static constructor.
RoslynAnalysisRunner will not be running.
RoslynAnalysisRunner has terminated.
Mono: successfully reloaded assembly
- Completed reload, in  1.117 seconds
Platform modules already initialized, skipping
Shader 'WFX/Transparent Specular': fallback shader 'Particles/Alpha Blended' not found
Shader 'WFX/Transparent Diffuse': fallback shader 'Particles/Alpha Blended' not found
Shader 'WFX/Transparent Diffuse': fallback shader 'Particles/Alpha Blended' not found
Shader 'WFX/Transparent Specular': fallback shader 'Particles/Alpha Blended' not found
Refreshing native plugins compatible for Editor in 0.80 ms, found 0 plugins.
Preloading 0 native plugins for Editor in 0.00 ms.
Unloading 2135 Unused Serialized files (Serialized files now loaded: 0)
System memory in use before: 139.5 MB.
System memory in use after: 139.2 MB.

Unloading 18 unused Assets to reduce memory usage. Loaded Objects now: 2755.
Total: 3.439500 ms (FindLiveObjects: 0.705000 ms CreateObjectMapping: 0.163700 ms MarkObjects: 2.236300 ms  DeleteObjects: 0.332700 ms)

========================================================================
Received Import Request.
  Time since last request: 546.662537 seconds.
  path: Assets/JMO Assets
  artifactKey: Guid(cb22b28efef368b4681d1be350210950) Importer(815301076,1909f56bfc062723c751e8b465ee728b)
Start importing Assets/JMO Assets using Guid(cb22b28efef368b4681d1be350210950) Importer(815301076,1909f56bfc062723c751e8b465ee728b)  -> (artifact id: '0ffd0bb70214b170a5d183817f6f5a5d') in 0.011385 seconds
  Import took 0.017178 seconds .

========================================================================
Received Import Request.
  Time since last request: 0.029722 seconds.
  path: Assets/JMO Assets
  artifactKey: Guid(cb22b28efef368b4681d1be350210950) Importer(815301076,1909f56bfc062723c751e8b465ee728b)
Start importing Assets/JMO Assets using Guid(cb22b28efef368b4681d1be350210950) Importer(815301076,1909f56bfc062723c751e8b465ee728b)  -> (artifact id: '0ffd0bb70214b170a5d183817f6f5a5d') in 0.004646 seconds
  Import took 0.009761 seconds .

========================================================================
Received Import Request.
  Time since last request: 1.601850 seconds.
  path: Assets/JMO Assets/Cartoon FX Easy Editor
  artifactKey: Guid(7a7171bf41aeb6949b08451fbcd42dd7) Importer(815301076,1909f56bfc062723c751e8b465ee728b)
Start importing Assets/JMO Assets/Cartoon FX Easy Editor using Guid(7a7171bf41aeb6949b08451fbcd42dd7) Importer(815301076,1909f56bfc062723c751e8b465ee728b)  -> (artifact id: 'e3ced6fc65bca1a9590a50af80d6d01f') in 0.008460 seconds
  Import took 0.013964 seconds .

========================================================================
Received Import Request.
  Time since last request: 0.792449 seconds.
  path: Assets/JMO Assets/Cartoon FX Easy Editor/Editor
  artifactKey: Guid(ef74fe7f8dfc6894481d107231650819) Importer(815301076,1909f56bfc062723c751e8b465ee728b)
Start importing Assets/JMO Assets/Cartoon FX Easy Editor/Editor using Guid(ef74fe7f8dfc6894481d107231650819) Importer(815301076,1909f56bfc062723c751e8b465ee728b)  -> (artifact id: '7ec544155bfe727d1b935e06d8fbe87d') in 0.007541 seconds
  Import took 0.012989 seconds .

========================================================================
Received Import Request.
  Time since last request: 3.348425 seconds.
  path: Assets/JMO Assets/WarFX
  artifactKey: Guid(bf67b04f7e403384eb93f422cf479252) Importer(815301076,1909f56bfc062723c751e8b465ee728b)
Start importing Assets/JMO Assets/WarFX using Guid(bf67b04f7e403384eb93f422cf479252) Importer(815301076,1909f56bfc062723c751e8b465ee728b)  -> (artifact id: 'c8266601fe2e0b52ac979d42904a5176') in 0.008056 seconds
  Import took 0.012478 seconds .

========================================================================
Received Import Request.
  Time since last request: 4.548457 seconds.
  path: Assets/JMO Assets/WarFX/Spawn System
  artifactKey: Guid(f7d57630affcb094c92a3d45ccae671e) Importer(815301076,1909f56bfc062723c751e8b465ee728b)
Start importing Assets/JMO Assets/WarFX/Spawn System using Guid(f7d57630affcb094c92a3d45ccae671e) Importer(815301076,1909f56bfc062723c751e8b465ee728b)  -> (artifact id: '5baf0c0a7aad238abdbe39e3ab98679c') in 0.007282 seconds
  Import took 0.011648 seconds .

========================================================================
Received Import Request.
  Time since last request: 0.000649 seconds.
  path: Assets/JMO Assets/WarFX/Spawn System
  artifactKey: Guid(f7d57630affcb094c92a3d45ccae671e) Importer(815301076,1909f56bfc062723c751e8b465ee728b)
Start importing Assets/JMO Assets/WarFX/Spawn System using Guid(f7d57630affcb094c92a3d45ccae671e) Importer(815301076,1909f56bfc062723c751e8b465ee728b)  -> (artifact id: '5baf0c0a7aad238abdbe39e3ab98679c') in 0.002384 seconds
  Import took 0.007143 seconds .

========================================================================
Received Import Request.
  Time since last request: 0.826427 seconds.
  path: Assets/JMO Assets/WarFX/Shaders
  artifactKey: Guid(76d80da38348456428f40ad47fa7c359) Importer(815301076,1909f56bfc062723c751e8b465ee728b)
Start importing Assets/JMO Assets/WarFX/Shaders using Guid(76d80da38348456428f40ad47fa7c359) Importer(815301076,1909f56bfc062723c751e8b465ee728b)  -> (artifact id: '5b5e1aba1bc35a3013e77bef90e36f73') in 0.054844 seconds
  Import took 0.059222 seconds .

========================================================================
Received Import Request.
  Time since last request: 0.685716 seconds.
  path: Assets/JMO Assets/WarFX/Scripts
  artifactKey: Guid(6b2cbf6bed65b8d4989bb74e47046392) Importer(815301076,1909f56bfc062723c751e8b465ee728b)
Start importing Assets/JMO Assets/WarFX/Scripts using Guid(6b2cbf6bed65b8d4989bb74e47046392) Importer(815301076,1909f56bfc062723c751e8b465ee728b)  -> (artifact id: '7598b9c17d9768878d0da3db7ed77d27') in 0.006828 seconds
  Import took 0.012631 seconds .

========================================================================
Received Import Request.
  Time since last request: 0.001043 seconds.
  path: Assets/JMO Assets/WarFX/Scripts
  artifactKey: Guid(6b2cbf6bed65b8d4989bb74e47046392) Importer(815301076,1909f56bfc062723c751e8b465ee728b)
Start importing Assets/JMO Assets/WarFX/Scripts using Guid(6b2cbf6bed65b8d4989bb74e47046392) Importer(815301076,1909f56bfc062723c751e8b465ee728b)  -> (artifact id: '7598b9c17d9768878d0da3db7ed77d27') in 0.002534 seconds
  Import took 0.007218 seconds .

========================================================================
Received Import Request.
  Time since last request: 0.766868 seconds.
  path: Assets/JMO Assets/WarFX/Mobile
  artifactKey: Guid(885e36481eeb36c4dac769d36bcc55db) Importer(815301076,1909f56bfc062723c751e8b465ee728b)
Start importing Assets/JMO Assets/WarFX/Mobile using Guid(885e36481eeb36c4dac769d36bcc55db) Importer(815301076,1909f56bfc062723c751e8b465ee728b)  -> (artifact id: 'da8141af9f1fcc3522b3ddf2dfaa03af') in 0.601210 seconds
  Import took 0.606896 seconds .

========================================================================
Received Import Request.
  Time since last request: 0.620680 seconds.
  path: Assets/JMO Assets/WarFX/Mesh
  artifactKey: Guid(f77de7cb780fd6b4bb8db8b51162c1b6) Importer(815301076,1909f56bfc062723c751e8b465ee728b)
Start importing Assets/JMO Assets/WarFX/Mesh using Guid(f77de7cb780fd6b4bb8db8b51162c1b6) Importer(815301076,1909f56bfc062723c751e8b465ee728b)  -> (artifact id: 'b7867e612ee28ea3e8d51e800c1a52ba') in 0.008504 seconds
  Import took 0.013125 seconds .

========================================================================
Received Import Request.
  Time since last request: 0.493013 seconds.
  path: Assets/JMO Assets/WarFX/Editor
  artifactKey: Guid(4cef0b5d1ae02e841ab164af332de5ba) Importer(815301076,1909f56bfc062723c751e8b465ee728b)
Start importing Assets/JMO Assets/WarFX/Editor using Guid(4cef0b5d1ae02e841ab164af332de5ba) Importer(815301076,1909f56bfc062723c751e8b465ee728b)  -> (artifact id: 'f1e2c933dd39afef11472d944d26653f') in 0.003361 seconds
  Import took 0.007458 seconds .

========================================================================
Received Import Request.
  Time since last request: 0.662652 seconds.
  path: Assets/JMO Assets/WarFX/Desktop
  artifactKey: Guid(56b0aae9a89a04d408982a4eea97cba3) Importer(815301076,1909f56bfc062723c751e8b465ee728b)
Start importing Assets/JMO Assets/WarFX/Desktop using Guid(56b0aae9a89a04d408982a4eea97cba3) Importer(815301076,1909f56bfc062723c751e8b465ee728b)  -> (artifact id: '7447d4bae720899d1ecdd605756a7401') in 0.006443 seconds
  Import took 0.010887 seconds .

========================================================================
Received Import Request.
  Time since last request: 3.804707 seconds.
  path: Assets/JMO Assets/WarFX/_Effects
  artifactKey: Guid(71faefa77e7fc274fa230519616d3c3f) Importer(815301076,1909f56bfc062723c751e8b465ee728b)
Start importing Assets/JMO Assets/WarFX/_Effects using Guid(71faefa77e7fc274fa230519616d3c3f) Importer(815301076,1909f56bfc062723c751e8b465ee728b)  -> (artifact id: '86106558a116bf65be64cce47c719b70') in 0.007040 seconds
  Import took 0.012582 seconds .

========================================================================
Received Import Request.
  Time since last request: 1.399722 seconds.
  path: Assets/JMO Assets/WarFX/_Effects (Mobile)
  artifactKey: Guid(1ff1506253a4e704e923c2233742faf9) Importer(815301076,1909f56bfc062723c751e8b465ee728b)
Start importing Assets/JMO Assets/WarFX/_Effects (Mobile) using Guid(1ff1506253a4e704e923c2233742faf9) Importer(815301076,1909f56bfc062723c751e8b465ee728b)  -> (artifact id: 'ccff4f5d890c1eb1d5158ab9e30c9b4b') in 0.006820 seconds
  Import took 0.013241 seconds .

========================================================================
Received Import Request.
  Time since last request: 0.001109 seconds.
  path: Assets/JMO Assets/WarFX/_Effects (Mobile)
  artifactKey: Guid(1ff1506253a4e704e923c2233742faf9) Importer(815301076,1909f56bfc062723c751e8b465ee728b)
Start importing Assets/JMO Assets/WarFX/_Effects (Mobile) using Guid(1ff1506253a4e704e923c2233742faf9) Importer(815301076,1909f56bfc062723c751e8b465ee728b)  -> (artifact id: 'ccff4f5d890c1eb1d5158ab9e30c9b4b') in 0.005985 seconds
  Import took 0.010882 seconds .

========================================================================
Received Import Request.
  Time since last request: 5.201459 seconds.
  path: Assets/JMO Assets/WarFX/_Effects/MuzzleFlashes
  artifactKey: Guid(b762e6e4a0af522409158eb257454f9e) Importer(815301076,1909f56bfc062723c751e8b465ee728b)
Start importing Assets/JMO Assets/WarFX/_Effects/MuzzleFlashes using Guid(b762e6e4a0af522409158eb257454f9e) Importer(815301076,1909f56bfc062723c751e8b465ee728b)  -> (artifact id: 'd7692e1531b7070c98b4d7f7582db350') in 0.010808 seconds
  Import took 0.015084 seconds .

========================================================================
Received Import Request.
  Time since last request: 3.185285 seconds.
  path: Assets/JMO Assets/WarFX/_Effects/Bullet Impacts
  artifactKey: Guid(6eccb7210bb2e95408062d2f52be5ac9) Importer(815301076,1909f56bfc062723c751e8b465ee728b)
Start importing Assets/JMO Assets/WarFX/_Effects/Bullet Impacts using Guid(6eccb7210bb2e95408062d2f52be5ac9) Importer(815301076,1909f56bfc062723c751e8b465ee728b)  -> (artifact id: '3f6d581c8946913c0545a0d20b5c9d03') in 0.007134 seconds
  Import took 0.011483 seconds .

========================================================================
Received Import Request.
  Time since last request: 0.669121 seconds.
  path: Assets/JMO Assets/WarFX/_Effects/Bullet Impacts/WFX_BImpact Concrete NoCollision.prefab
  artifactKey: Guid(20b31fcfaed0cb842a56fbbe2419428f) Importer(815301076,1909f56bfc062723c751e8b465ee728b)
Start importing Assets/JMO Assets/WarFX/_Effects/Bullet Impacts/WFX_BImpact Concrete NoCollision.prefab using Guid(20b31fcfaed0cb842a56fbbe2419428f) Importer(815301076,1909f56bfc062723c751e8b465ee728b)  -> (artifact id: '55719213d1b86b6a106e9a564c605e65') in 0.038007 seconds
  Import took 0.042530 seconds .

========================================================================
Received Import Request.
  Time since last request: 0.000340 seconds.
  path: Assets/JMO Assets/WarFX/_Effects/Bullet Impacts/WFX_BImpact Wood NoCollision.prefab
  artifactKey: Guid(d39ab699aa314a147969fd483aa55205) Importer(815301076,1909f56bfc062723c751e8b465ee728b)
Start importing Assets/JMO Assets/WarFX/_Effects/Bullet Impacts/WFX_BImpact Wood NoCollision.prefab using Guid(d39ab699aa314a147969fd483aa55205) Importer(815301076,1909f56bfc062723c751e8b465ee728b)  -> (artifact id: '4f7bcc99183d6373700ef5de6bfab9db') in 0.012178 seconds
  Import took 0.028229 seconds .

========================================================================
Received Import Request.
  Time since last request: 0.000342 seconds.
  path: Assets/JMO Assets/WarFX/_Effects/Bullet Impacts/WFX_BImpact Sand.prefab
  artifactKey: Guid(fc7f8379080d0a844ad699b91bfd56f0) Importer(815301076,1909f56bfc062723c751e8b465ee728b)
Start importing Assets/JMO Assets/WarFX/_Effects/Bullet Impacts/WFX_BImpact Sand.prefab using Guid(fc7f8379080d0a844ad699b91bfd56f0) Importer(815301076,1909f56bfc062723c751e8b465ee728b)  -> (artifact id: 'ec9413090227c0733f388e9387c5a24f') in 0.010447 seconds
  Import took 0.015507 seconds .

========================================================================
Received Import Request.
  Time since last request: 0.000403 seconds.
  path: Assets/JMO Assets/WarFX/_Effects/Bullet Impacts/WFX_BImpact SoftBody.prefab
  artifactKey: Guid(3b1513bcb86426b4795879be6a128ed7) Importer(815301076,1909f56bfc062723c751e8b465ee728b)
Start importing Assets/JMO Assets/WarFX/_Effects/Bullet Impacts/WFX_BImpact SoftBody.prefab using Guid(3b1513bcb86426b4795879be6a128ed7) Importer(815301076,1909f56bfc062723c751e8b465ee728b)  -> (artifact id: '413d9c3925d382898e33650391faa7d6') in 0.020393 seconds
  Import took 0.026715 seconds .

========================================================================
Received Import Request.
  Time since last request: 0.000333 seconds.
  path: Assets/JMO Assets/WarFX/_Effects/Bullet Impacts/WFX_BImpact Wood.prefab
  artifactKey: Guid(ac1aa04288fad804ba1cd769f4377aaf) Importer(815301076,1909f56bfc062723c751e8b465ee728b)
Start importing Assets/JMO Assets/WarFX/_Effects/Bullet Impacts/WFX_BImpact Wood.prefab using Guid(ac1aa04288fad804ba1cd769f4377aaf) Importer(815301076,1909f56bfc062723c751e8b465ee728b)  -> (artifact id: '6f6f2dfa127028b83c770659c85e16c9') in 0.012480 seconds
  Import took 0.018424 seconds .

========================================================================
Received Import Request.
  Time since last request: 0.000154 seconds.
  path: Assets/JMO Assets/WarFX/_Effects/Bullet Impacts/WFX_BImpact Dirt.prefab
  artifactKey: Guid(56bfc2f4b4a0c534c8ef3d0fd1124c44) Importer(815301076,1909f56bfc062723c751e8b465ee728b)
Start importing Assets/JMO Assets/WarFX/_Effects/Bullet Impacts/WFX_BImpact Dirt.prefab using Guid(56bfc2f4b4a0c534c8ef3d0fd1124c44) Importer(815301076,1909f56bfc062723c751e8b465ee728b)  -> (artifact id: '6e51f908126e71ba679bf703f1e04499') in 0.010603 seconds
  Import took 0.015705 seconds .

========================================================================
Received Import Request.
  Time since last request: 0.000276 seconds.
  path: Assets/JMO Assets/WarFX/_Effects/Bullet Impacts/WFX_BImpact Metal.prefab
  artifactKey: Guid(00fedc70b62a31e448e8ccc298257b56) Importer(815301076,1909f56bfc062723c751e8b465ee728b)
Start importing Assets/JMO Assets/WarFX/_Effects/Bullet Impacts/WFX_BImpact Metal.prefab using Guid(00fedc70b62a31e448e8ccc298257b56) Importer(815301076,1909f56bfc062723c751e8b465ee728b)  -> (artifact id: '418ce13d8c89b29121219242b9ea3b4e') in 0.009430 seconds
  Import took 0.013697 seconds .

========================================================================
Received Import Request.
  Time since last request: 0.000183 seconds.
  path: Assets/JMO Assets/WarFX/_Effects/Bullet Impacts/WFX_BImpact Concrete.prefab
  artifactKey: Guid(99c73c92ac40473459640b165473206f) Importer(815301076,1909f56bfc062723c751e8b465ee728b)
Start importing Assets/JMO Assets/WarFX/_Effects/Bullet Impacts/WFX_BImpact Concrete.prefab using Guid(99c73c92ac40473459640b165473206f) Importer(815301076,1909f56bfc062723c751e8b465ee728b)  -> (artifact id: '9ccf74f5f9fd73d283a77fa8df0f8c82') in 0.009063 seconds
  Import took 0.013868 seconds .

========================================================================
Received Import Request.
  Time since last request: 0.002737 seconds.
  path: Assets/JMO Assets/WarFX/_Effects/Bullet Impacts/WFX_BImpact Metal.prefab
  artifactKey: Guid(00fedc70b62a31e448e8ccc298257b56) Importer(815301076,1909f56bfc062723c751e8b465ee728b)
Start importing Assets/JMO Assets/WarFX/_Effects/Bullet Impacts/WFX_BImpact Metal.prefab using Guid(00fedc70b62a31e448e8ccc298257b56) Importer(815301076,1909f56bfc062723c751e8b465ee728b)  -> (artifact id: '418ce13d8c89b29121219242b9ea3b4e') in 0.005040 seconds
  Import took 0.009809 seconds .

========================================================================
Received Import Request.
  Time since last request: 1.581683 seconds.
  path: Assets/JMO Assets/WarFX/Desktop/Materials/Misc/WFX_M_GlowCircle Add.mat
  artifactKey: Guid(cd8002f70c22e4840bffd510c84d3c10) Importer(815301076,1909f56bfc062723c751e8b465ee728b)
Start importing Assets/JMO Assets/WarFX/Desktop/Materials/Misc/WFX_M_GlowCircle Add.mat using Guid(cd8002f70c22e4840bffd510c84d3c10) Importer(815301076,1909f56bfc062723c751e8b465ee728b)  -> (artifact id: 'd21fd6d6017fa37b4650dd9d68f40f37') in 0.066145 seconds
  Import took 0.070230 seconds .

========================================================================
Received Import Request.
  Time since last request: 25.489662 seconds.
  path: Assets/JMO Assets/WarFX/_Effects/Bullet Impacts/WFX_BImpact Metal.prefab
  artifactKey: Guid(00fedc70b62a31e448e8ccc298257b56) Importer(815301076,1909f56bfc062723c751e8b465ee728b)
Start importing Assets/JMO Assets/WarFX/_Effects/Bullet Impacts/WFX_BImpact Metal.prefab using Guid(00fedc70b62a31e448e8ccc298257b56) Importer(815301076,1909f56bfc062723c751e8b465ee728b)  -> (artifact id: '6f3204327d9d2a2bf89fd0ed7beb1f80') in 0.005601 seconds
  Import took 0.020990 seconds .

========================================================================
Received Import Request.
  Time since last request: 21.136790 seconds.
  path: Assets/JMO Assets/WarFX/_Effects/Bullet Impacts/WFX_BImpact Metal.prefab
  artifactKey: Guid(00fedc70b62a31e448e8ccc298257b56) Importer(815301076,1909f56bfc062723c751e8b465ee728b)
Start importing Assets/JMO Assets/WarFX/_Effects/Bullet Impacts/WFX_BImpact Metal.prefab using Guid(00fedc70b62a31e448e8ccc298257b56) Importer(815301076,1909f56bfc062723c751e8b465ee728b)  -> (artifact id: '3398c3196cdaa46360f90331b9cc4419') in 0.008399 seconds
  Import took 0.014349 seconds .

========================================================================
Received Import Request.
  Time since last request: 5.058631 seconds.
  path: Assets/JMO Assets/WarFX/_Effects/Bullet Impacts/WFX_BImpact Metal.prefab
  artifactKey: Guid(00fedc70b62a31e448e8ccc298257b56) Importer(815301076,1909f56bfc062723c751e8b465ee728b)
Start importing Assets/JMO Assets/WarFX/_Effects/Bullet Impacts/WFX_BImpact Metal.prefab using Guid(00fedc70b62a31e448e8ccc298257b56) Importer(815301076,1909f56bfc062723c751e8b465ee728b)  -> (artifact id: 'fac5576130b84d444b63c3bc518182fe') in 0.006121 seconds
  Import took 0.011394 seconds .

========================================================================
Received Import Request.
  Time since last request: 9.111147 seconds.
  path: Assets/JMO Assets/WarFX/_Effects/Bullet Impacts/WFX_BImpact Metal.prefab
  artifactKey: Guid(00fedc70b62a31e448e8ccc298257b56) Importer(815301076,1909f56bfc062723c751e8b465ee728b)
Start importing Assets/JMO Assets/WarFX/_Effects/Bullet Impacts/WFX_BImpact Metal.prefab using Guid(00fedc70b62a31e448e8ccc298257b56) Importer(815301076,1909f56bfc062723c751e8b465ee728b)  -> (artifact id: '940cec9fa2c83126fd76096f86de55b5') in 0.008875 seconds
  Import took 0.014792 seconds .

========================================================================
Received Import Request.
  Time since last request: 1.001950 seconds.
  path: Assets/JMO Assets/WarFX/_Effects/Bullet Impacts/WFX_BImpact Metal.prefab
  artifactKey: Guid(00fedc70b62a31e448e8ccc298257b56) Importer(815301076,1909f56bfc062723c751e8b465ee728b)
Start importing Assets/JMO Assets/WarFX/_Effects/Bullet Impacts/WFX_BImpact Metal.prefab using Guid(00fedc70b62a31e448e8ccc298257b56) Importer(815301076,1909f56bfc062723c751e8b465ee728b)  -> (artifact id: '377d8615eb4d10ad885e552538411055') in 0.009394 seconds
  Import took 0.014359 seconds .

========================================================================
Received Import Request.
  Time since last request: 3.338218 seconds.
  path: Assets/JMO Assets/WarFX/Desktop/Materials/Misc/WFX_M_GlowPalet Add.mat
  artifactKey: Guid(0f995b3145e0e7247a42da6cef1dbf23) Importer(815301076,1909f56bfc062723c751e8b465ee728b)
Start importing Assets/JMO Assets/WarFX/Desktop/Materials/Misc/WFX_M_GlowPalet Add.mat using Guid(0f995b3145e0e7247a42da6cef1dbf23) Importer(815301076,1909f56bfc062723c751e8b465ee728b)  -> (artifact id: '4de9e7fc21a9f99618e896b745c1dec1') in 0.026254 seconds
  Import took 0.030803 seconds .

========================================================================
Received Import Request.
  Time since last request: 0.000305 seconds.
  path: Assets/JMO Assets/WarFX/Desktop/Materials/Misc/WFX_M_SmallDots Add.mat
  artifactKey: Guid(e4f85b2e68822a041b8df56db88fbd27) Importer(815301076,1909f56bfc062723c751e8b465ee728b)
Start importing Assets/JMO Assets/WarFX/Desktop/Materials/Misc/WFX_M_SmallDots Add.mat using Guid(e4f85b2e68822a041b8df56db88fbd27) Importer(815301076,1909f56bfc062723c751e8b465ee728b)  -> (artifact id: 'b055f57a629b5bd249f304edd25f3ca9') in 0.020725 seconds
  Import took 0.025770 seconds .

========================================================================
Received Import Request.
  Time since last request: 0.006082 seconds.
  path: Assets/JMO Assets/WarFX/Desktop/Materials/Misc/WFX_M_StretchPalet.mat
  artifactKey: Guid(b0c7cf51d3fecb446ab93bf854419715) Importer(815301076,1909f56bfc062723c751e8b465ee728b)
Start importing Assets/JMO Assets/WarFX/Desktop/Materials/Misc/WFX_M_StretchPalet.mat using Guid(b0c7cf51d3fecb446ab93bf854419715) Importer(815301076,1909f56bfc062723c751e8b465ee728b)  -> (artifact id: 'f91404a2ceb3713fce169ff141ab7df1') in 0.021113 seconds
  Import took 0.025938 seconds .

========================================================================
Received Import Request.
  Time since last request: 0.000268 seconds.
  path: Assets/JMO Assets/WarFX/Desktop/Materials/Misc/WFX_M_GroundGlow Add.mat
  artifactKey: Guid(e0d80b657ecab7c4b9ce24628b2dc682) Importer(815301076,1909f56bfc062723c751e8b465ee728b)
Start importing Assets/JMO Assets/WarFX/Desktop/Materials/Misc/WFX_M_GroundGlow Add.mat using Guid(e0d80b657ecab7c4b9ce24628b2dc682) Importer(815301076,1909f56bfc062723c751e8b465ee728b)  -> (artifact id: '7c14ea884c2c2afc439e8d802a982f6c') in 0.024739 seconds
  Import took 0.029914 seconds .

========================================================================
Received Import Request.
  Time since last request: 0.000171 seconds.
  path: Assets/JMO Assets/WarFX/Desktop/Materials/Misc/WFX_M_GlowPalet Add.mat
  artifactKey: Guid(0f995b3145e0e7247a42da6cef1dbf23) Importer(815301076,1909f56bfc062723c751e8b465ee728b)
Start importing Assets/JMO Assets/WarFX/Desktop/Materials/Misc/WFX_M_GlowPalet Add.mat using Guid(0f995b3145e0e7247a42da6cef1dbf23) Importer(815301076,1909f56bfc062723c751e8b465ee728b)  -> (artifact id: '4de9e7fc21a9f99618e896b745c1dec1') in 0.014738 seconds
  Import took 0.018995 seconds .

========================================================================
Received Import Request.
  Time since last request: 0.000203 seconds.
  path: Assets/JMO Assets/WarFX/Desktop/Materials/Misc/WFX_M_SmallDotsInv Mult.mat
  artifactKey: Guid(4d1d4d88cfac1d747af75ea13f5d3e42) Importer(815301076,1909f56bfc062723c751e8b465ee728b)
Start importing Assets/JMO Assets/WarFX/Desktop/Materials/Misc/WFX_M_SmallDotsInv Mult.mat using Guid(4d1d4d88cfac1d747af75ea13f5d3e42) Importer(815301076,1909f56bfc062723c751e8b465ee728b)  -> (artifact id: '0e6847118c8f90379b9b17f9c419141f') in 0.019456 seconds
  Import took 0.027480 seconds .

========================================================================
Received Import Request.
  Time since last request: 43.340966 seconds.
  path: Assets/JMO Assets/WarFX/Desktop/Materials/Impacts/WFX_M_Impact Smoke.mat
  artifactKey: Guid(450dd918846b28b408e044f16f827449) Importer(815301076,1909f56bfc062723c751e8b465ee728b)
Start importing Assets/JMO Assets/WarFX/Desktop/Materials/Impacts/WFX_M_Impact Smoke.mat using Guid(450dd918846b28b408e044f16f827449) Importer(815301076,1909f56bfc062723c751e8b465ee728b)  -> (artifact id: 'a597713185b13dd3726788356f99056e') in 0.047981 seconds
  Import took 0.052880 seconds .

========================================================================
Received Import Request.
  Time since last request: 0.099082 seconds.
  path: Assets/JMO Assets/WarFX/_Effects/Bullet Impacts/WFX_BImpact Concrete NoCollision.prefab
  artifactKey: Guid(20b31fcfaed0cb842a56fbbe2419428f) Importer(815301076,1909f56bfc062723c751e8b465ee728b)
Start importing Assets/JMO Assets/WarFX/_Effects/Bullet Impacts/WFX_BImpact Concrete NoCollision.prefab using Guid(20b31fcfaed0cb842a56fbbe2419428f) Importer(815301076,1909f56bfc062723c751e8b465ee728b)  -> (artifact id: '8d21db867dcf80a5f9ba0e2903ae8ec7') in 0.005877 seconds
  Import took 0.011538 seconds .

========================================================================
Received Import Request.
  Time since last request: 0.001383 seconds.
  path: Assets/JMO Assets/WarFX/_Effects/Bullet Impacts/WFX_BImpact Concrete NoCollision.prefab
  artifactKey: Guid(20b31fcfaed0cb842a56fbbe2419428f) Importer(815301076,1909f56bfc062723c751e8b465ee728b)
Start importing Assets/JMO Assets/WarFX/_Effects/Bullet Impacts/WFX_BImpact Concrete NoCollision.prefab using Guid(20b31fcfaed0cb842a56fbbe2419428f) Importer(815301076,1909f56bfc062723c751e8b465ee728b)  -> (artifact id: '8d21db867dcf80a5f9ba0e2903ae8ec7') in 0.006652 seconds
  Import took 0.011484 seconds .

========================================================================
Received Import Request.
  Time since last request: 0.533013 seconds.
  path: Assets/JMO Assets/WarFX/_Effects/Bullet Impacts/+ Bullet Hole
  artifactKey: Guid(a297b09d592ebf84ab49d01578e8be93) Importer(815301076,1909f56bfc062723c751e8b465ee728b)
Start importing Assets/JMO Assets/WarFX/_Effects/Bullet Impacts/+ Bullet Hole using Guid(a297b09d592ebf84ab49d01578e8be93) Importer(815301076,1909f56bfc062723c751e8b465ee728b)  -> (artifact id: 'ddf1b1192ad9c601726791519ed0913d') in 0.009553 seconds
  Import took 0.013955 seconds .

========================================================================
Received Import Request.
  Time since last request: 1.315097 seconds.
  path: Assets/JMO Assets/WarFX/_Effects/Bullet Impacts/+ Bullet Hole/WFX_BImpact Dirt + Hole.prefab
  artifactKey: Guid(2f9348d6583cde14eb0d82bb9732647e) Importer(815301076,1909f56bfc062723c751e8b465ee728b)
Start importing Assets/JMO Assets/WarFX/_Effects/Bullet Impacts/+ Bullet Hole/WFX_BImpact Dirt + Hole.prefab using Guid(2f9348d6583cde14eb0d82bb9732647e) Importer(815301076,1909f56bfc062723c751e8b465ee728b)  -> (artifact id: 'd87a491cee1f5d0a63b032fc0c499d95') in 0.024129 seconds
  Import took 0.028831 seconds .

========================================================================
Received Import Request.
  Time since last request: 0.000290 seconds.
  path: Assets/JMO Assets/WarFX/_Effects/Bullet Impacts/+ Bullet Hole/WFX_BImpact SoftBody + Hole.prefab
  artifactKey: Guid(957385c45b877e645a128e11a3efb2f9) Importer(815301076,1909f56bfc062723c751e8b465ee728b)
Start importing Assets/JMO Assets/WarFX/_Effects/Bullet Impacts/+ Bullet Hole/WFX_BImpact SoftBody + Hole.prefab using Guid(957385c45b877e645a128e11a3efb2f9) Importer(815301076,1909f56bfc062723c751e8b465ee728b)  -> (artifact id: 'bc7a36dad35e3df6a7fd71d98b1dd391') in 0.023414 seconds
  Import took 0.029229 seconds .

========================================================================
Received Import Request.
  Time since last request: 0.000307 seconds.
  path: Assets/JMO Assets/WarFX/_Effects/Bullet Impacts/+ Bullet Hole/WFX_BImpact Sand + Hole.prefab
  artifactKey: Guid(0b24f31f464fa614a84acdeac974ed6b) Importer(815301076,1909f56bfc062723c751e8b465ee728b)
Start importing Assets/JMO Assets/WarFX/_Effects/Bullet Impacts/+ Bullet Hole/WFX_BImpact Sand + Hole.prefab using Guid(0b24f31f464fa614a84acdeac974ed6b) Importer(815301076,1909f56bfc062723c751e8b465ee728b)  -> (artifact id: 'd96520587710300856fccd1289f833e2') in 0.029227 seconds
  Import took 0.034037 seconds .

========================================================================
Received Import Request.
  Time since last request: 8.989644 seconds.
  path: Assets/JMO Assets/WarFX/_Effects/Bullet Impacts/WFX_BImpact Dirt.prefab
  artifactKey: Guid(56bfc2f4b4a0c534c8ef3d0fd1124c44) Importer(815301076,1909f56bfc062723c751e8b465ee728b)
Start importing Assets/JMO Assets/WarFX/_Effects/Bullet Impacts/WFX_BImpact Dirt.prefab using Guid(56bfc2f4b4a0c534c8ef3d0fd1124c44) Importer(815301076,1909f56bfc062723c751e8b465ee728b)  -> (artifact id: 'a4176e5a3b05e280afa1e77820a6feee') in 0.006193 seconds
  Import took 0.010854 seconds .

========================================================================
Received Import Request.
  Time since last request: 0.017136 seconds.
  path: Assets/JMO Assets/WarFX/_Effects/Bullet Impacts/WFX_BImpact Dirt.prefab
  artifactKey: Guid(56bfc2f4b4a0c534c8ef3d0fd1124c44) Importer(815301076,1909f56bfc062723c751e8b465ee728b)
Start importing Assets/JMO Assets/WarFX/_Effects/Bullet Impacts/WFX_BImpact Dirt.prefab using Guid(56bfc2f4b4a0c534c8ef3d0fd1124c44) Importer(815301076,1909f56bfc062723c751e8b465ee728b)  -> (artifact id: 'a4176e5a3b05e280afa1e77820a6feee') in 0.004757 seconds
  Import took 0.013588 seconds .

========================================================================
Received Import Request.
  Time since last request: 1.586390 seconds.
  path: Assets/JMO Assets/WarFX/_Effects/Bullet Impacts/WFX_BImpact Sand.prefab
  artifactKey: Guid(fc7f8379080d0a844ad699b91bfd56f0) Importer(815301076,1909f56bfc062723c751e8b465ee728b)
Start importing Assets/JMO Assets/WarFX/_Effects/Bullet Impacts/WFX_BImpact Sand.prefab using Guid(fc7f8379080d0a844ad699b91bfd56f0) Importer(815301076,1909f56bfc062723c751e8b465ee728b)  -> (artifact id: 'f999bc64ac04c2e8f0aa3034f8393ed5') in 0.005824 seconds
  Import took 0.010541 seconds .

========================================================================
Received Import Request.
  Time since last request: 0.018876 seconds.
  path: Assets/JMO Assets/WarFX/_Effects/Bullet Impacts/WFX_BImpact Sand.prefab
  artifactKey: Guid(fc7f8379080d0a844ad699b91bfd56f0) Importer(815301076,1909f56bfc062723c751e8b465ee728b)
Start importing Assets/JMO Assets/WarFX/_Effects/Bullet Impacts/WFX_BImpact Sand.prefab using Guid(fc7f8379080d0a844ad699b91bfd56f0) Importer(815301076,1909f56bfc062723c751e8b465ee728b)  -> (artifact id: 'f999bc64ac04c2e8f0aa3034f8393ed5') in 0.005701 seconds
  Import took 0.011576 seconds .

========================================================================
Received Import Request.
  Time since last request: 1.372594 seconds.
  path: Assets/JMO Assets/WarFX/_Effects/Bullet Impacts/WFX_BImpact SoftBody.prefab
  artifactKey: Guid(3b1513bcb86426b4795879be6a128ed7) Importer(815301076,1909f56bfc062723c751e8b465ee728b)
Start importing Assets/JMO Assets/WarFX/_Effects/Bullet Impacts/WFX_BImpact SoftBody.prefab using Guid(3b1513bcb86426b4795879be6a128ed7) Importer(815301076,1909f56bfc062723c751e8b465ee728b)  -> (artifact id: '526de0f920e547a20cdb59a7cd55c778') in 0.007120 seconds
  Import took 0.011588 seconds .

========================================================================
Received Import Request.
  Time since last request: 0.018141 seconds.
  path: Assets/JMO Assets/WarFX/_Effects/Bullet Impacts/WFX_BImpact SoftBody.prefab
  artifactKey: Guid(3b1513bcb86426b4795879be6a128ed7) Importer(815301076,1909f56bfc062723c751e8b465ee728b)
Start importing Assets/JMO Assets/WarFX/_Effects/Bullet Impacts/WFX_BImpact SoftBody.prefab using Guid(3b1513bcb86426b4795879be6a128ed7) Importer(815301076,1909f56bfc062723c751e8b465ee728b)  -> (artifact id: '526de0f920e547a20cdb59a7cd55c778') in 0.005172 seconds
  Import took 0.010938 seconds .

========================================================================
Received Import Request.
  Time since last request: 88.562529 seconds.
  path: Assets/Prefabs/Bullet.prefab
  artifactKey: Guid(be4e63acec0d56b4090b257ff9a340bd) Importer(815301076,1909f56bfc062723c751e8b465ee728b)
Start importing Assets/Prefabs/Bullet.prefab using Guid(be4e63acec0d56b4090b257ff9a340bd) Importer(815301076,1909f56bfc062723c751e8b465ee728b)  -> (artifact id: '82ee228dc7d9e63421e23ca81234134d') in 0.023888 seconds
  Import took 0.029047 seconds .

========================================================================
Received Prepare
Registering precompiled user dll's ...
Registered in 0.001614 seconds.
Begin MonoManager ReloadAssembly
Native extension for WindowsStandalone target not found
Native extension for WebGL target not found
Refreshing native plugins compatible for Editor in 0.81 ms, found 0 plugins.
Preloading 0 native plugins for Editor in 0.00 ms.
Invoked RoslynAnalysisRunner static constructor.
RoslynAnalysisRunner will not be running.
RoslynAnalysisRunner has terminated.
Mono: successfully reloaded assembly
- Completed reload, in  1.256 seconds
Platform modules already initialized, skipping
Shader 'WFX/Transparent Specular': fallback shader 'Particles/Alpha Blended' not found
Shader 'WFX/Transparent Diffuse': fallback shader 'Particles/Alpha Blended' not found
Shader 'WFX/Transparent Specular': fallback shader 'Particles/Alpha Blended' not found
Shader 'WFX/Transparent Diffuse': fallback shader 'Particles/Alpha Blended' not found
Refreshing native plugins compatible for Editor in 0.82 ms, found 0 plugins.
Preloading 0 native plugins for Editor in 0.00 ms.
Unloading 2135 Unused Serialized files (Serialized files now loaded: 0)
System memory in use before: 139.8 MB.
System memory in use after: 139.6 MB.

Unloading 15 unused Assets to reduce memory usage. Loaded Objects now: 2795.
Total: 2.738900 ms (FindLiveObjects: 0.256500 ms CreateObjectMapping: 0.105500 ms MarkObjects: 2.111100 ms  DeleteObjects: 0.264200 ms)

========================================================================
Received Import Request.
  Time since last request: 7.910370 seconds.
  path: Assets/Prefabs/Bullet.prefab
  artifactKey: Guid(be4e63acec0d56b4090b257ff9a340bd) Importer(815301076,1909f56bfc062723c751e8b465ee728b)
Start importing Assets/Prefabs/Bullet.prefab using Guid(be4e63acec0d56b4090b257ff9a340bd) Importer(815301076,1909f56bfc062723c751e8b465ee728b)  -> (artifact id: 'bca4e776e1bc4d2a2f6e382da070dff4') in 0.091806 seconds
  Import took 0.102175 seconds .

========================================================================
Received Import Request.
  Time since last request: 68.329516 seconds.
  path: Assets/Prefabs/Bullet.prefab
  artifactKey: Guid(be4e63acec0d56b4090b257ff9a340bd) Importer(815301076,1909f56bfc062723c751e8b465ee728b)
Start importing Assets/Prefabs/Bullet.prefab using Guid(be4e63acec0d56b4090b257ff9a340bd) Importer(815301076,1909f56bfc062723c751e8b465ee728b)  -> (artifact id: '6d12071199e2f41b5c720ebdeea6d0a0') in 0.026092 seconds
  Import took 0.031550 seconds .

========================================================================
Received Prepare
Registering precompiled user dll's ...
Registered in 0.001533 seconds.
Begin MonoManager ReloadAssembly
Native extension for WindowsStandalone target not found
Native extension for WebGL target not found
Refreshing native plugins compatible for Editor in 0.77 ms, found 0 plugins.
Preloading 0 native plugins for Editor in 0.00 ms.
Invoked RoslynAnalysisRunner static constructor.
RoslynAnalysisRunner will not be running.
RoslynAnalysisRunner has terminated.
Mono: successfully reloaded assembly
- Completed reload, in  1.223 seconds
Platform modules already initialized, skipping
Shader 'WFX/Transparent Specular': fallback shader 'Particles/Alpha Blended' not found
Shader 'WFX/Transparent Diffuse': fallback shader 'Particles/Alpha Blended' not found
Shader 'WFX/Transparent Specular': fallback shader 'Particles/Alpha Blended' not found
Shader 'WFX/Transparent Diffuse': fallback shader 'Particles/Alpha Blended' not found
Refreshing native plugins compatible for Editor in 0.82 ms, found 0 plugins.
Preloading 0 native plugins for Editor in 0.00 ms.
Unloading 2132 Unused Serialized files (Serialized files now loaded: 0)
System memory in use before: 139.5 MB.
System memory in use after: 139.4 MB.

Unloading 15 unused Assets to reduce memory usage. Loaded Objects now: 2799.
Total: 3.167200 ms (FindLiveObjects: 0.310000 ms CreateObjectMapping: 0.123400 ms MarkObjects: 2.450100 ms  DeleteObjects: 0.281700 ms)

========================================================================
Received Import Request.
  Time since last request: 5.890992 seconds.
  path: Assets/Prefabs/Bullet.prefab
  artifactKey: Guid(be4e63acec0d56b4090b257ff9a340bd) Importer(815301076,1909f56bfc062723c751e8b465ee728b)
Start importing Assets/Prefabs/Bullet.prefab using Guid(be4e63acec0d56b4090b257ff9a340bd) Importer(815301076,1909f56bfc062723c751e8b465ee728b)  -> (artifact id: '94018e546af82825d3a379f2e680d991') in 0.088140 seconds
  Import took 0.093422 seconds .

========================================================================
Received Prepare
Registering precompiled user dll's ...
Registered in 0.002407 seconds.
Begin MonoManager ReloadAssembly
Native extension for WindowsStandalone target not found
Native extension for WebGL target not found
Refreshing native plugins compatible for Editor in 0.80 ms, found 0 plugins.
Preloading 0 native plugins for Editor in 0.00 ms.
Invoked RoslynAnalysisRunner static constructor.
RoslynAnalysisRunner will not be running.
RoslynAnalysisRunner has terminated.
Mono: successfully reloaded assembly
- Completed reload, in  1.248 seconds
Platform modules already initialized, skipping
Shader 'WFX/Transparent Specular': fallback shader 'Particles/Alpha Blended' not found
Shader 'WFX/Transparent Diffuse': fallback shader 'Particles/Alpha Blended' not found
Shader 'WFX/Transparent Diffuse': fallback shader 'Particles/Alpha Blended' not found
Shader 'WFX/Transparent Specular': fallback shader 'Particles/Alpha Blended' not found
Refreshing native plugins compatible for Editor in 1.00 ms, found 0 plugins.
Preloading 0 native plugins for Editor in 0.00 ms.
Unloading 2132 Unused Serialized files (Serialized files now loaded: 0)
System memory in use before: 139.5 MB.
System memory in use after: 139.4 MB.

Unloading 15 unused Assets to reduce memory usage. Loaded Objects now: 2803.
Total: 4.363300 ms (FindLiveObjects: 0.833700 ms CreateObjectMapping: 0.171300 ms MarkObjects: 3.072100 ms  DeleteObjects: 0.284100 ms)

AssetImportWorkerClient::OnTransportError - code=2 error=End of file
